This is XeTeX, Version 3.141592653-2.6-0.999998 (MiKTeX 26.2) (preloaded format=xelatex 2026.4.30)  18 MAY 2026 22:33
entering extended mode
 restricted \write18 enabled.
 file:line:error style messages enabled.
 %&-line parsing enabled.
**./main.tex
(main.tex
LaTeX2e <2025-11-01>
L3 programming layer <2026-03-20>

(C:\Users\79121\AppData\Local\Programs\MiKTeX\tex/latex/extsizes\extarticle.cls
Document Class: extarticle 1996/10/08 v1.0 Non Standard LaTeX document class
(C:\Users\79121\AppData\Local\Programs\MiKTeX\tex/latex/extsizes\size14.clo
File: size14.clo 1999/11/11 v1.4a NON-Standard LaTeX file (size option)
)
(C:\Users\79121\AppData\Local\Programs\MiKTeX\tex/latex/base\exscale.sty
Package: exscale 2025/06/05 v2.1i Standard LaTeX package exscale
LaTeX Font Info:    Redeclaring symbol font `largesymbols' on input line 57.
LaTeX Font Info:    Overwriting symbol font `largesymbols' in version `normal'
(Font)                  OMX/cmex/m/n --> OMX/cmex/m/n on input line 57.
LaTeX Font Info:    Overwriting symbol font `largesymbols' in version `bold'
(Font)                  OMX/cmex/m/n --> OMX/cmex/m/n on input line 57.
\big@size=\dimen150
)
\c@part=\count271
\c@section=\count272
\c@subsection=\count273
\c@subsubsection=\count274
\c@paragraph=\count275
\c@subparagraph=\count276
\c@figure=\count277
\c@table=\count278
\abovecaptionskip=\skip49
\belowcaptionskip=\skip50
\bibindent=\dimen151
)
(config/config.tex
(C:\Users\79121\AppData\Local\Programs\MiKTeX\tex/latex/fontspec\fontspec.sty
(C:\Users\79121\AppData\Local\Programs\MiKTeX\tex/latex/l3packages/xparse\xpars
e.sty
(C:\Users\79121\AppData\Local\Programs\MiKTeX\tex/latex/l3kernel\expl3.sty
Package: expl3 2026-03-20 L3 programming layer (loader) 

(C:\Users\79121\AppData\Local\Programs\MiKTeX\tex/latex/l3backend\l3backend-xet
ex.def
File: l3backend-xetex.def 2026-02-18 L3 backend support: XeTeX
\g__graphics_track_int=\count279
\g__pdfannot_backend_int=\count280
\g__pdfannot_backend_link_int=\count281
))
Package: xparse 2025-10-09 L3 Experimental document command parser
)
Package: fontspec 2025/09/29 v2.9g Font selection for XeLaTeX and LuaLaTeX

(C:\Users\79121\AppData\Local\Programs\MiKTeX\tex/latex/fontspec\fontspec-xetex
.sty
Package: fontspec-xetex 2025/09/29 v2.9g Font selection for XeLaTeX and LuaLaTe
X
\l__fontspec_script_int=\count282
\l__fontspec_language_int=\count283
\l__fontspec_strnum_int=\count284
\l__fontspec_tmp_int=\count285
\l__fontspec_tmpa_int=\count286
\l__fontspec_tmpb_int=\count287
\l__fontspec_tmpc_int=\count288
\l__fontspec_em_int=\count289
\l__fontspec_emdef_int=\count290
\l__fontspec_strong_int=\count291
\l__fontspec_strongdef_int=\count292
\l__fontspec_tmpa_dim=\dimen152
\l__fontspec_tmpb_dim=\dimen153
\l__fontspec_tmpc_dim=\dimen154
 (C:\Users\79121\AppData\Local\Programs\MiKTeX\tex/latex/base\fontenc.sty
Package: fontenc 2025/07/18 v2.1d Standard LaTeX package
)
(C:\Users\79121\AppData\Local\Programs\MiKTeX\tex/latex/fontspec\fontspec.cfg))
)
(C:\Users\79121\AppData\Local\Programs\MiKTeX\tex/latex/polyglossia\polyglossia
.sty
Package: polyglossia 2026/04/18 v2.10 Modern multilingual typesetting with XeLa
TeX and LuaLaTeX

(C:\Users\79121\AppData\Local\Programs\MiKTeX\tex/latex/etoolbox\etoolbox.sty
Package: etoolbox 2025/10/02 v2.5m e-TeX tools for LaTeX (JAW)
\etb@tempcnta=\count293
)
(C:\Users\79121\AppData\Local\Programs\MiKTeX\tex/generic/iftex\iftex.sty
Package: iftex 2024/12/12 v1.0g TeX engine tests
)
\l_xpg_alias_keyvals_int=\count294

(C:\Users\79121\AppData\Local\Programs\MiKTeX\tex/latex/polyglossia\gloss-latex
.ldf
File: gloss-latex.ldf polyglossia: module for default language
))
(C:\Users\79121\AppData\Local\Programs\MiKTeX\tex/latex/polyglossia\gloss-russi
an.ldf
File: gloss-russian.ldf polyglossia: module for Russian

(C:\Users\79121\AppData\Local\Programs\MiKTeX\tex/latex/polyglossia\xpg-cyrilli
cnumbers.sty
Package: xpg-cyrillicnumbers 2019/11/15 v0.2 Formatting of Cyrillic alphabetic 
numbers
)
(C:\Users\79121\AppData\Local\Programs\MiKTeX\tex/latex/polyglossia\babelsh.def
File: babelsh.def 2022/06/21 Babel common definitions for shorthands
 Taken verbatim from babel files (2022/06/06 v3.76)
)
Package babel Info: Making " an active character on input line 120.
)

Package polyglossia Info: Default language is russian


Package fontspec Info: 
(fontspec)             Font family 'TimesNewRoman(0)' created for font 'Times
(fontspec)             New Roman' with options [Ligatures=TeX].
(fontspec)              
(fontspec)              This font family consists of the following NFSS
(fontspec)             series/shapes:
(fontspec)              
(fontspec)             - 'normal' (m/n) with NFSS spec.: <->"Times New
(fontspec)             Roman/OT:script=latn;language=dflt;mapping=tex-text;"
(fontspec)             - 'small caps'  (m/sc) with NFSS spec.: <->"Times New
(fontspec)             Roman/OT:script=latn;language=dflt;+smcp;mapping=tex-tex
t;"
(fontspec)             - 'bold' (b/n) with NFSS spec.: <->"Times New
(fontspec)             Roman/B/OT:script=latn;language=dflt;mapping=tex-text;"
(fontspec)             - 'bold small caps'  (b/sc) with NFSS spec.: <->"Times
(fontspec)             New
(fontspec)             Roman/B/OT:script=latn;language=dflt;+smcp;mapping=tex-t
ext;"
(fontspec)             - 'italic' (m/it) with NFSS spec.: <->"Times New
(fontspec)             Roman/I/OT:script=latn;language=dflt;mapping=tex-text;"
(fontspec)             - 'italic small caps'  (m/scit) with NFSS spec.:
(fontspec)             <->"Times New
(fontspec)             Roman/I/OT:script=latn;language=dflt;+smcp;mapping=tex-t
ext;"
(fontspec)             - 'bold italic' (b/it) with NFSS spec.: <->"Times New
(fontspec)             Roman/BI/OT:script=latn;language=dflt;mapping=tex-text;"

(fontspec)             - 'bold italic small caps'  (b/scit) with NFSS spec.:
(fontspec)             <->"Times New
(fontspec)             Roman/BI/OT:script=latn;language=dflt;+smcp;mapping=tex-
text;"


Package fontspec Info: 
(fontspec)             Font family 'Arial(0)' created for font 'Arial' with
(fontspec)             options [Ligatures=TeX].
(fontspec)              
(fontspec)              This font family consists of the following NFSS
(fontspec)             series/shapes:
(fontspec)              
(fontspec)             - 'normal' (m/n) with NFSS spec.:
(fontspec)             <->"Arial/OT:script=latn;language=dflt;mapping=tex-text;
"
(fontspec)             - 'small caps'  (m/sc) with NFSS spec.:
(fontspec)             <->"Arial/OT:script=latn;language=dflt;+smcp;mapping=tex
-text;"
(fontspec)             - 'bold' (b/n) with NFSS spec.:
(fontspec)             <->"Arial/B/OT:script=latn;language=dflt;mapping=tex-tex
t;"
(fontspec)             - 'bold small caps'  (b/sc) with NFSS spec.:
(fontspec)             <->"Arial/B/OT:script=latn;language=dflt;+smcp;mapping=t
ex-text;"
(fontspec)             - 'italic' (m/it) with NFSS spec.:
(fontspec)             <->"Arial/I/OT:script=latn;language=dflt;mapping=tex-tex
t;"
(fontspec)             - 'italic small caps'  (m/scit) with NFSS spec.:
(fontspec)             <->"Arial/I/OT:script=latn;language=dflt;+smcp;mapping=t
ex-text;"
(fontspec)             - 'bold italic' (b/it) with NFSS spec.:
(fontspec)             <->"Arial/BI/OT:script=latn;language=dflt;mapping=tex-te
xt;"
(fontspec)             - 'bold italic small caps'  (b/scit) with NFSS spec.:
(fontspec)             <->"Arial/BI/OT:script=latn;language=dflt;+smcp;mapping=
tex-text;"


Package fontspec Info: 
(fontspec)             Font family 'Consolas(0)' created for font 'Consolas'
(fontspec)             with options
(fontspec)             [WordSpace={1,0,0},HyphenChar=None,PunctuationSpace=Word
Space].
(fontspec)              
(fontspec)              This font family consists of the following NFSS
(fontspec)             series/shapes:
(fontspec)              
(fontspec)             - 'normal' (m/n) with NFSS spec.:
(fontspec)             <->"Consolas/OT:script=latn;language=dflt;"
(fontspec)             - 'bold' (b/n) with NFSS spec.:
(fontspec)             <->"Consolas/B/OT:script=latn;language=dflt;"
(fontspec)             - 'italic' (m/it) with NFSS spec.:
(fontspec)             <->"Consolas/I/OT:script=latn;language=dflt;"
(fontspec)             - 'bold italic' (b/it) with NFSS spec.:
(fontspec)             <->"Consolas/BI/OT:script=latn;language=dflt;"

 (C:\Users\79121\AppData\Local\Programs\MiKTeX\tex/latex/amsmath\amsmath.sty
Package: amsmath 2025/07/09 v2.17z AMS math features
\@mathmargin=\skip51

For additional information on amsmath, use the `?' option.
(C:\Users\79121\AppData\Local\Programs\MiKTeX\tex/latex/amsmath\amstext.sty
Package: amstext 2024/11/17 v2.01 AMS text

(C:\Users\79121\AppData\Local\Programs\MiKTeX\tex/latex/amsmath\amsgen.sty
File: amsgen.sty 1999/11/30 v2.0 generic functions
\@emptytoks=\toks17
\ex@=\dimen155
))
(C:\Users\79121\AppData\Local\Programs\MiKTeX\tex/latex/amsmath\amsbsy.sty
Package: amsbsy 1999/11/29 v1.2d Bold Symbols
\pmbraise@=\dimen156
)
(C:\Users\79121\AppData\Local\Programs\MiKTeX\tex/latex/amsmath\amsopn.sty
Package: amsopn 2022/04/08 v2.04 operator names
)
\inf@bad=\count295
LaTeX Info: Redefining \frac on input line 233.
\uproot@=\count296
\leftroot@=\count297
LaTeX Info: Redefining \overline on input line 398.
LaTeX Info: Redefining \colon on input line 409.
\classnum@=\count298
\DOTSCASE@=\count299
LaTeX Info: Redefining \ldots on input line 495.
LaTeX Info: Redefining \dots on input line 498.
LaTeX Info: Redefining \cdots on input line 619.
\Mathstrutbox@=\box53
\strutbox@=\box54
LaTeX Info: Redefining \big on input line 721.
LaTeX Info: Redefining \Big on input line 722.
LaTeX Info: Redefining \bigg on input line 723.
LaTeX Info: Redefining \Bigg on input line 724.
\big@size=\dimen157
LaTeX Font Info:    Redeclaring font encoding OML on input line 742.
LaTeX Font Info:    Redeclaring font encoding OMS on input line 743.
\macc@depth=\count300
LaTeX Info: Redefining \bmod on input line 904.
LaTeX Info: Redefining \pmod on input line 909.
LaTeX Info: Redefining \smash on input line 939.
LaTeX Info: Redefining \relbar on input line 969.
LaTeX Info: Redefining \Relbar on input line 970.
\c@MaxMatrixCols=\count301
\dotsspace@=\muskip17
\c@parentequation=\count302
\dspbrk@lvl=\count303
\tag@help=\toks18
\row@=\count304
\column@=\count305
\maxfields@=\count306
\andhelp@=\toks19
\eqnshift@=\dimen158
\alignsep@=\dimen159
\tagshift@=\dimen160
\tagwidth@=\dimen161
\totwidth@=\dimen162
\lineht@=\dimen163
\@envbody=\toks20
\multlinegap=\skip52
\multlinetaggap=\skip53
\mathdisplay@stack=\toks21
LaTeX Info: Redefining \[ on input line 2950.
LaTeX Info: Redefining \] on input line 2951.
)
(C:\Users\79121\AppData\Local\Programs\MiKTeX\tex/latex/amsfonts\amssymb.sty
Package: amssymb 2013/01/14 v3.01 AMS font symbols

(C:\Users\79121\AppData\Local\Programs\MiKTeX\tex/latex/amsfonts\amsfonts.sty
Package: amsfonts 2013/01/14 v3.01 Basic AMSFonts support
\symAMSa=\mathgroup4
\symAMSb=\mathgroup5
LaTeX Font Info:    Redeclaring math symbol \hbar on input line 98.
LaTeX Font Info:    Overwriting math alphabet `\mathfrak' in version `bold'
(Font)                  U/euf/m/n --> U/euf/b/n on input line 106.
))
(C:\Users\79121\AppData\Local\Programs\MiKTeX\tex/latex/mathtools\mathtools.sty
Package: mathtools 2024/10/04 v1.31 mathematical typesetting tools
(C:\Users\79121\AppData\Local\Programs\MiKTeX\tex/latex/graphics\keyval.sty
Package: keyval 2022/05/29 v1.15 key=value parser (DPC)
\KV@toks@=\toks22
)
(C:\Users\79121\AppData\Local\Programs\MiKTeX\tex/latex/tools\calc.sty
Package: calc 2025/03/01 v4.3b Infix arithmetic (KKT,FJ)
\calc@Acount=\count307
\calc@Bcount=\count308
\calc@Adimen=\dimen164
\calc@Bdimen=\dimen165
\calc@Askip=\skip54
\calc@Bskip=\skip55
LaTeX Info: Redefining \setlength on input line 86.
LaTeX Info: Redefining \addtolength on input line 87.
\calc@Ccount=\count309
\calc@Cskip=\skip56
)
(C:\Users\79121\AppData\Local\Programs\MiKTeX\tex/latex/mathtools\mhsetup.sty
Package: mhsetup 2021/03/18 v1.4 programming setup (MH)
)
\g_MT_multlinerow_int=\count310
\l_MT_multwidth_dim=\dimen166
\origjot=\skip57
\l_MT_shortvdotswithinadjustabove_dim=\dimen167
\l_MT_shortvdotswithinadjustbelow_dim=\dimen168
\l_MT_above_intertext_sep=\dimen169
\l_MT_below_intertext_sep=\dimen170
\l_MT_above_shortintertext_sep=\dimen171
\l_MT_below_shortintertext_sep=\dimen172
\xmathstrut@box=\box55
\xmathstrut@dim=\dimen173
) (C:\Users\79121\AppData\Local\Programs\MiKTeX\tex/latex/graphics\graphicx.sty
Package: graphicx 2024/12/31 v1.2e Enhanced LaTeX Graphics (DPC,SPQR)

(C:\Users\79121\AppData\Local\Programs\MiKTeX\tex/latex/graphics\graphics.sty
Package: graphics 2024/08/06 v1.4g Standard LaTeX Graphics (DPC,SPQR)

(C:\Users\79121\AppData\Local\Programs\MiKTeX\tex/latex/graphics\trig.sty
Package: trig 2023/12/02 v1.11 sin cos tan (DPC)
)
(C:\Users\79121\AppData\Local\Programs\MiKTeX\tex/latex/graphics-cfg\graphics.c
fg
File: graphics.cfg 2016/06/04 v1.11 sample graphics configuration
)
Package graphics Info: Driver file: xetex.def on input line 106.

(C:\Users\79121\AppData\Local\Programs\MiKTeX\tex/latex/graphics-def\xetex.def
File: xetex.def 2025/11/01 v5.0p Graphics/color driver for xetex
))
\Gin@req@height=\dimen174
\Gin@req@width=\dimen175
)
(C:\Users\79121\AppData\Local\Programs\MiKTeX\tex/latex/booktabs\booktabs.sty
Package: booktabs 2020/01/12 v1.61803398 Publication quality tables
\heavyrulewidth=\dimen176
\lightrulewidth=\dimen177
\cmidrulewidth=\dimen178
\belowrulesep=\dimen179
\belowbottomsep=\dimen180
\aboverulesep=\dimen181
\abovetopsep=\dimen182
\cmidrulesep=\dimen183
\cmidrulekern=\dimen184
\defaultaddspace=\dimen185
\@cmidla=\count311
\@cmidlb=\count312
\@aboverulesep=\dimen186
\@belowrulesep=\dimen187
\@thisruleclass=\count313
\@lastruleclass=\count314
\@thisrulewidth=\dimen188
)
(C:\Users\79121\AppData\Local\Programs\MiKTeX\tex/latex/float\float.sty
Package: float 2001/11/08 v1.3d Float enhancements (AL)
\c@float@type=\count315
\float@exts=\toks23
\float@box=\box56
\@float@everytoks=\toks24
\@floatcapt=\box57
)
(C:\Users\79121\AppData\Local\Programs\MiKTeX\tex/latex/titlesec\titlesec.sty
Package: titlesec 2025/01/04 v2.17 Sectioning titles
\ttl@box=\box58
\beforetitleunit=\skip58
\aftertitleunit=\skip59
\ttl@plus=\dimen189
\ttl@minus=\dimen190
\ttl@toksa=\toks25
\titlewidth=\dimen191
\titlewidthlast=\dimen192
\titlewidthfirst=\dimen193
)
(C:\Users\79121\AppData\Local\Programs\MiKTeX\tex/latex/geometry\geometry.sty
Package: geometry 2026/03/07 v6.0 Page Geometry

(C:\Users\79121\AppData\Local\Programs\MiKTeX\tex/generic/iftex\ifvtex.sty
Package: ifvtex 2019/10/25 v1.7 ifvtex legacy package. Use iftex instead.
)
\Gm@cnth=\count316
\Gm@cntv=\count317
\c@Gm@tempcnt=\count318
\Gm@bindingoffset=\dimen194
\Gm@wd@mp=\dimen195
\Gm@odd@mp=\dimen196
\Gm@even@mp=\dimen197
\Gm@layoutwidth=\dimen198
\Gm@layoutheight=\dimen199
\Gm@layouthoffset=\dimen256
\Gm@layoutvoffset=\dimen257
\Gm@dimlist=\toks26

(C:\Users\79121\AppData\Local\Programs\MiKTeX\tex/latex/geometry\geometry.cfg))
(C:\Users\79121\AppData\Local\Programs\MiKTeX\tex/latex/hyperref\hyperref.sty
Package: hyperref 2026-04-24 v7.01q Hypertext links for LaTeX

(C:\Users\79121\AppData\Local\Programs\MiKTeX\tex/latex/kvsetkeys\kvsetkeys.sty
Package: kvsetkeys 2022-10-05 v1.19 Key value parser (HO)
)
(C:\Users\79121\AppData\Local\Programs\MiKTeX\tex/generic/kvdefinekeys\kvdefine
keys.sty
Package: kvdefinekeys 2019-12-19 v1.6 Define keys (HO)
)
(C:\Users\79121\AppData\Local\Programs\MiKTeX\tex/generic/pdfescape\pdfescape.s
ty
Package: pdfescape 2019/12/09 v1.15 Implements pdfTeX's escape features (HO)

(C:\Users\79121\AppData\Local\Programs\MiKTeX\tex/generic/ltxcmds\ltxcmds.sty
Package: ltxcmds 2023-12-04 v1.26 LaTeX kernel commands for general use (HO)
)
(C:\Users\79121\AppData\Local\Programs\MiKTeX\tex/generic/pdftexcmds\pdftexcmds
.sty
Package: pdftexcmds 2020-06-27 v0.33 Utility functions of pdfTeX for LuaTeX (HO
)

(C:\Users\79121\AppData\Local\Programs\MiKTeX\tex/generic/infwarerr\infwarerr.s
ty
Package: infwarerr 2019/12/03 v1.5 Providing info/warning/error messages (HO)
)
Package pdftexcmds Info: \pdf@primitive is available.
Package pdftexcmds Info: \pdf@ifprimitive is available.
Package pdftexcmds Info: \pdfdraftmode not found.
))
(C:\Users\79121\AppData\Local\Programs\MiKTeX\tex/latex/hycolor\hycolor.sty
Package: hycolor 2020-01-27 v1.10 Color options for hyperref/bookmark (HO)
)
(C:\Users\79121\AppData\Local\Programs\MiKTeX\tex/latex/hyperref\nameref.sty
Package: nameref 2026-01-29 v2.58 Cross-referencing by name of section

(C:\Users\79121\AppData\Local\Programs\MiKTeX\tex/latex/refcount\refcount.sty
Package: refcount 2019/12/15 v3.6 Data extraction from label references (HO)
)
(C:\Users\79121\AppData\Local\Programs\MiKTeX\tex/generic/gettitlestring\gettit
lestring.sty
Package: gettitlestring 2019/12/15 v1.6 Cleanup title references (HO)

(C:\Users\79121\AppData\Local\Programs\MiKTeX\tex/latex/kvoptions\kvoptions.sty
Package: kvoptions 2022-06-15 v3.15 Key value format for package options (HO)
))
\c@section@level=\count319
)
(C:\Users\79121\AppData\Local\Programs\MiKTeX\tex/generic/stringenc\stringenc.s
ty
Package: stringenc 2019/11/29 v1.12 Convert strings between diff. encodings (HO
)
)
\@linkdim=\dimen258
\Hy@linkcounter=\count320
\Hy@pagecounter=\count321
 (C:\Users\79121\AppData\Local\Programs\MiKTeX\tex/latex/hyperref\pd1enc.def
File: pd1enc.def 2026-04-24 v7.01q Hyperref: PDFDocEncoding definition (HO)
) (C:\Users\79121\AppData\Local\Programs\MiKTeX\tex/generic/intcalc\intcalc.sty
Package: intcalc 2019/12/15 v1.3 Expandable calculations with integers (HO)
)
\Hy@SavedSpaceFactor=\count322
 (C:\Users\79121\AppData\Local\Programs\MiKTeX\tex/latex/hyperref\puenc.def
File: puenc.def 2026-04-24 v7.01q Hyperref: PDF Unicode definition (HO)
)
Package hyperref Info: Option `unicode' set `true' on input line 4070.
Package hyperref Info: Option `colorlinks' set `false' on input line 4070.
Package hyperref Info: Option `bookmarks' set `true' on input line 4070.
Package hyperref Info: Option `bookmarksopen' set `true' on input line 4070.
Package hyperref Info: Option `bookmarksnumbered' set `true' on input line 4070
.
Package hyperref Info: Hyper figures OFF on input line 4199.
Package hyperref Info: Link nesting OFF on input line 4204.
Package hyperref Info: Hyper index ON on input line 4207.
Package hyperref Info: Plain pages OFF on input line 4214.
Package hyperref Info: Backreferencing OFF on input line 4219.
Package hyperref Info: Implicit mode ON; LaTeX internals redefined.
Package hyperref Info: Bookmarks ON on input line 4466.
\c@Hy@tempcnt=\count323

(C:\Users\79121\AppData\Local\Programs\MiKTeX\tex/latex/url\url.sty
\Urlmuskip=\muskip18
Package: url 2013/09/16  ver 3.4  Verb mode for urls, etc.
)
LaTeX Info: Redefining \url on input line 4805.
\XeTeXLinkMargin=\dimen259

(C:\Users\79121\AppData\Local\Programs\MiKTeX\tex/generic/bitset\bitset.sty
Package: bitset 2019/12/09 v1.3 Handle bit-vector datatype (HO)

(C:\Users\79121\AppData\Local\Programs\MiKTeX\tex/generic/bigintcalc\bigintcalc
.sty
Package: bigintcalc 2019/12/15 v1.5 Expandable calculations on big integers (HO
)
))
\Fld@menulength=\count324
\Field@Width=\dimen260
\Fld@charsize=\dimen261
Package hyperref Info: Hyper figures OFF on input line 6091.
Package hyperref Info: Link nesting OFF on input line 6096.
Package hyperref Info: Hyper index ON on input line 6099.
Package hyperref Info: backreferencing OFF on input line 6106.
Package hyperref Info: Link coloring OFF on input line 6111.
Package hyperref Info: Link coloring with OCG OFF on input line 6116.
Package hyperref Info: PDF/A mode OFF on input line 6121.
\Hy@abspage=\count325
\c@Item=\count326
\c@Hfootnote=\count327
)
Package hyperref Info: Driver (autodetected): hxetex.

(C:\Users\79121\AppData\Local\Programs\MiKTeX\tex/latex/hyperref\hxetex.def
File: hxetex.def 2026-04-24 v7.01q Hyperref driver for XeTeX
\pdfm@box=\box59
\c@Hy@AnnotLevel=\count328
\HyField@AnnotCount=\count329
\Fld@listcount=\count330
\c@bookmark@seq@number=\count331

(C:\Users\79121\AppData\Local\Programs\MiKTeX\tex/latex/rerunfilecheck\rerunfil
echeck.sty
Package: rerunfilecheck 2025-06-21 v1.11 Rerun checks for auxiliary files (HO)

(C:\Users\79121\AppData\Local\Programs\MiKTeX\tex/generic/uniquecounter\uniquec
ounter.sty
Package: uniquecounter 2019/12/15 v1.4 Provide unlimited unique counter (HO)
)
Package uniquecounter Info: New unique counter `rerunfilecheck' on input line 2
84.
)
\Hy@SectionHShift=\skip60
)
(C:\Users\79121\AppData\Local\Programs\MiKTeX\tex/latex/setspace\setspace.sty
Package: setspace 2022/12/04 v6.7b set line spacing
)
(C:\Users\79121\AppData\Local\Programs\MiKTeX\tex/latex/microtype\microtype.sty
Package: microtype 2026/03/01 v3.2d Micro-typographical refinements (RS)
\MT@toks=\toks27
\MT@tempbox=\box60
\MT@count=\count332
LaTeX Info: Redefining \noprotrusionifhmode on input line 1084.
LaTeX Info: Redefining \leftprotrusion on input line 1085.
\MT@prot@toks=\toks28
LaTeX Info: Redefining \rightprotrusion on input line 1104.
LaTeX Info: Redefining \textls on input line 1449.
\MT@outer@kern=\dimen262
LaTeX Info: Redefining \microtypecontext on input line 2053.
LaTeX Info: Redefining \textmicrotypecontext on input line 2070.
\MT@listname@count=\count333

(C:\Users\79121\AppData\Local\Programs\MiKTeX\tex/latex/microtype\microtype-xet
ex.def
File: microtype-xetex.def 2026/03/01 v3.2d Definitions specific to xetex (RS)
LaTeX Info: Redefining \lsstyle on input line 443.
LaTeX Info: Redefining \lslig on input line 451.
\MT@outer@space=\skip61
)
Package microtype Info: Loading configuration file microtype.cfg.

(C:\Users\79121\AppData\Local\Programs\MiKTeX\tex/latex/microtype\microtype.cfg
File: microtype.cfg 2026/03/01 v3.2d microtype main configuration file (RS)
)
LaTeX Info: Redefining \microtypesetup on input line 3065.
)
(C:\Users\79121\AppData\Local\Programs\MiKTeX\tex/latex/listings\listings.sty
\lst@mode=\count334
\lst@gtempboxa=\box61
\lst@token=\toks29
\lst@length=\count335
\lst@currlwidth=\dimen263
\lst@column=\count336
\lst@pos=\count337
\lst@lostspace=\dimen264
\lst@width=\dimen265
\lst@newlines=\count338
\lst@lineno=\count339
\lst@maxwidth=\dimen266

(C:\Users\79121\AppData\Local\Programs\MiKTeX\tex/latex/listings\lstpatch.sty
File: lstpatch.sty 2025/11/14 1.11b (Carsten Heinz)
)
(C:\Users\79121\AppData\Local\Programs\MiKTeX\tex/latex/listings\lstmisc.sty
File: lstmisc.sty 2025/11/14 1.11b (Carsten Heinz)
\c@lstnumber=\count340
\lst@skipnumbers=\count341
\lst@framebox=\box62
)
(C:\Users\79121\AppData\Local\Programs\MiKTeX\tex/latex/listings\listings.cfg
File: listings.cfg 2025/11/14 1.11b listings configuration
))
Package: listings 2025/11/14 1.11b (Carsten Heinz)
==> First Aid for listings.sty no longer applied!
    Expected:
        2024/09/23 1.10c (Carsten Heinz)
    but found:
        2025/11/14 1.11b (Carsten Heinz)
    so I'm assuming it got fixed.
(C:\Users\79121\AppData\Local\Programs\MiKTeX\tex/latex/xcolor\xcolor.sty
Package: xcolor 2024/09/29 v3.02 LaTeX color extensions (UK)

(C:\Users\79121\AppData\Local\Programs\MiKTeX\tex/latex/graphics-cfg\color.cfg
File: color.cfg 2016/01/02 v1.6 sample color configuration
)
Package xcolor Info: Driver file: xetex.def on input line 274.
(C:\Users\79121\AppData\Local\Programs\MiKTeX\tex/latex/graphics\mathcolor.ltx)
Package xcolor Info: Model `cmy' substituted by `cmy0' on input line 1349.
Package xcolor Info: Model `RGB' extended on input line 1365.
Package xcolor Info: Model `HTML' substituted by `rgb' on input line 1367.
Package xcolor Info: Model `Hsb' substituted by `hsb' on input line 1368.
Package xcolor Info: Model `tHsb' substituted by `hsb' on input line 1369.
Package xcolor Info: Model `HSB' substituted by `hsb' on input line 1370.
Package xcolor Info: Model `Gray' substituted by `gray' on input line 1371.
Package xcolor Info: Model `wave' substituted by `hsb' on input line 1372.
) (C:\Users\79121\AppData\Local\Programs\MiKTeX\tex/latex/enumitem\enumitem.sty
Package: enumitem 2025/02/06 v3.11 Customized lists
\labelindent=\skip62
\enit@outerparindent=\dimen267
\enit@toks=\toks30
\enit@inbox=\box63
\enit@count@id=\count342
\enitdp@description=\count343
) (C:\Users\79121\AppData\Local\Programs\MiKTeX\tex/latex/fancyvrb\fancyvrb.sty
Package: fancyvrb 2026/04/16 4.6a verbatim text (tvz,hv)
\FV@CodeLineNo=\count344
\FV@InFile=\read2
\FV@TabBox=\box64
\c@FancyVerbLine=\count345
\FV@StepNumber=\count346
\FV@OutFile=\write3
) (C:\Users\79121\AppData\Local\Programs\MiKTeX\tex/latex/fvextra\fvextra.sty
Package: fvextra 2026/02/25 v1.14.0 fvextra - extensions and patches for fancyv
rb

(C:\Users\79121\AppData\Local\Programs\MiKTeX\tex/latex/upquote\upquote.sty
Package: upquote 2012/04/19 v1.3 upright-quote and grave-accent glyphs in verba
tim

(C:\Users\79121\AppData\Local\Programs\MiKTeX\tex/latex/base\textcomp.sty
Package: textcomp 2024/04/24 v2.1b Standard LaTeX package
))
(C:\Users\79121\AppData\Local\Programs\MiKTeX\tex/latex/lineno\lineno.sty
Package: lineno 2026/03/08 line numbers on paragraphs v5.9
\linenopenalty=\count347
\output=\toks31
\linenoprevgraf=\count348
\linenumbersep=\dimen268
\linenumberwidth=\dimen269
\c@linenumber=\count349
\c@pagewiselinenumber=\count350
\c@LN@truepage=\count351
\c@internallinenumber=\count352
\c@internallinenumbers=\count353
\quotelinenumbersep=\dimen270
\bframerule=\dimen271
\bframesep=\dimen272
\bframebox=\box65
\@LN@amsmath@ams@eqpen=\count354
)
\c@FancyVerbWriteLine=\count355
\c@FancyVerbBufferLine=\count356
\c@FV@TrueTabGroupLevel=\count357
\c@FV@TrueTabCounter=\count358
\FV@TabBox@Group=\box66
\FV@bgcolorstructbox=\box67
\FV@TmpLength=\skip63
\c@FV@HighlightLinesStart=\count359
\c@FV@HighlightLinesStop=\count360
\FV@LoopCount=\count361
\FV@NCharsBox=\box68
\FV@BreakIndent=\dimen273
\FV@BreakIndentNChars=\count362
\FV@BreakSymbolSepLeft=\dimen274
\FV@BreakSymbolSepLeftNChars=\count363
\FV@BreakSymbolSepRight=\dimen275
\FV@BreakSymbolSepRightNChars=\count364
\FV@BreakSymbolIndentLeft=\dimen276
\FV@BreakSymbolIndentLeftNChars=\count365
\FV@BreakSymbolIndentRight=\dimen277
\FV@BreakSymbolIndentRightNChars=\count366
\c@FancyVerbLineBreakLast=\count367
\FV@LineBox=\box69
\FV@LineIndentBox=\box70
\c@FV@BreakBufferDepth=\count368
\FV@LineWidth=\dimen278
)
(C:\Users\79121\AppData\Local\Programs\MiKTeX\tex/latex/placeins\placeins.sty
Package: placeins 2005/04/18  v 2.2
))

Package fontspec Info: 
(fontspec)             Font family 'TimesNewRoman(1)' created for font 'Times
(fontspec)             New Roman' with options
(fontspec)             [Ligatures=TeX,Script=Cyrillic].
(fontspec)              
(fontspec)              This font family consists of the following NFSS
(fontspec)             series/shapes:
(fontspec)              
(fontspec)             - 'normal' (m/n) with NFSS spec.: <->"Times New
(fontspec)             Roman/OT:script=cyrl;language=dflt;mapping=tex-text;"
(fontspec)             - 'small caps'  (m/sc) with NFSS spec.: <->"Times New
(fontspec)             Roman/OT:script=cyrl;language=dflt;+smcp;mapping=tex-tex
t;"
(fontspec)             - 'bold' (b/n) with NFSS spec.: <->"Times New
(fontspec)             Roman/B/OT:script=cyrl;language=dflt;mapping=tex-text;"
(fontspec)             - 'bold small caps'  (b/sc) with NFSS spec.: <->"Times
(fontspec)             New
(fontspec)             Roman/B/OT:script=cyrl;language=dflt;+smcp;mapping=tex-t
ext;"
(fontspec)             - 'italic' (m/it) with NFSS spec.: <->"Times New
(fontspec)             Roman/I/OT:script=cyrl;language=dflt;mapping=tex-text;"
(fontspec)             - 'italic small caps'  (m/scit) with NFSS spec.:
(fontspec)             <->"Times New
(fontspec)             Roman/I/OT:script=cyrl;language=dflt;+smcp;mapping=tex-t
ext;"
(fontspec)             - 'bold italic' (b/it) with NFSS spec.: <->"Times New
(fontspec)             Roman/BI/OT:script=cyrl;language=dflt;mapping=tex-text;"

(fontspec)             - 'bold italic small caps'  (b/scit) with NFSS spec.:
(fontspec)             <->"Times New
(fontspec)             Roman/BI/OT:script=cyrl;language=dflt;+smcp;mapping=tex-
text;"


(D:\Projects\katya\диплом\преддипломная практика\latex_template\output\main.aux
)
\openout1 = `main.aux'.

LaTeX Font Info:    Checking defaults for OML/cmm/m/it on input line 6.
LaTeX Font Info:    ... okay on input line 6.
LaTeX Font Info:    Checking defaults for OMS/cmsy/m/n on input line 6.
LaTeX Font Info:    ... okay on input line 6.
LaTeX Font Info:    Checking defaults for OT1/cmr/m/n on input line 6.
LaTeX Font Info:    ... okay on input line 6.
LaTeX Font Info:    Checking defaults for T1/cmr/m/n on input line 6.
LaTeX Font Info:    ... okay on input line 6.
LaTeX Font Info:    Checking defaults for TS1/cmr/m/n on input line 6.
LaTeX Font Info:    ... okay on input line 6.
LaTeX Font Info:    Checking defaults for TU/lmr/m/n on input line 6.
LaTeX Font Info:    ... okay on input line 6.
LaTeX Font Info:    Checking defaults for OMX/cmex/m/n on input line 6.
LaTeX Font Info:    ... okay on input line 6.
LaTeX Font Info:    Checking defaults for U/cmr/m/n on input line 6.
LaTeX Font Info:    ... okay on input line 6.
LaTeX Font Info:    Checking defaults for PD1/pdf/m/n on input line 6.
LaTeX Font Info:    ... okay on input line 6.
LaTeX Font Info:    Checking defaults for PU/pdf/m/n on input line 6.
LaTeX Font Info:    ... okay on input line 6.

Package fontspec Info: 
(fontspec)             Adjusting the maths setup (use [no-math] to avoid
(fontspec)             this).

\symlegacymaths=\mathgroup6
LaTeX Font Info:    Overwriting symbol font `legacymaths' in version `bold'
(Font)                  OT1/cmr/m/n --> OT1/cmr/bx/n on input line 6.
LaTeX Font Info:    Redeclaring math accent \acute on input line 6.
LaTeX Font Info:    Redeclaring math accent \grave on input line 6.
LaTeX Font Info:    Redeclaring math accent \ddot on input line 6.
LaTeX Font Info:    Redeclaring math accent \tilde on input line 6.
LaTeX Font Info:    Redeclaring math accent \bar on input line 6.
LaTeX Font Info:    Redeclaring math accent \breve on input line 6.
LaTeX Font Info:    Redeclaring math accent \check on input line 6.
LaTeX Font Info:    Redeclaring math accent \hat on input line 6.
LaTeX Font Info:    Redeclaring math accent \dot on input line 6.
LaTeX Font Info:    Redeclaring math accent \mathring on input line 6.
LaTeX Font Info:    Redeclaring math symbol \Gamma on input line 6.
LaTeX Font Info:    Redeclaring math symbol \Delta on input line 6.
LaTeX Font Info:    Redeclaring math symbol \Theta on input line 6.
LaTeX Font Info:    Redeclaring math symbol \Lambda on input line 6.
LaTeX Font Info:    Redeclaring math symbol \Xi on input line 6.
LaTeX Font Info:    Redeclaring math symbol \Pi on input line 6.
LaTeX Font Info:    Redeclaring math symbol \Sigma on input line 6.
LaTeX Font Info:    Redeclaring math symbol \Upsilon on input line 6.
LaTeX Font Info:    Redeclaring math symbol \Phi on input line 6.
LaTeX Font Info:    Redeclaring math symbol \Psi on input line 6.
LaTeX Font Info:    Redeclaring math symbol \Omega on input line 6.
LaTeX Font Info:    Redeclaring math symbol \mathdollar on input line 6.
LaTeX Font Info:    Redeclaring symbol font `operators' on input line 6.
LaTeX Font Info:    Encoding `OT1' has changed to `TU' for symbol font
(Font)              `operators' in the math version `normal' on input line 6.
LaTeX Font Info:    Overwriting symbol font `operators' in version `normal'
(Font)                  OT1/cmr/m/n --> TU/TimesNewRoman(0)/m/n on input line 6
.
LaTeX Font Info:    Encoding `OT1' has changed to `TU' for symbol font
(Font)              `operators' in the math version `bold' on input line 6.
LaTeX Font Info:    Overwriting symbol font `operators' in version `bold'
(Font)                  OT1/cmr/bx/n --> TU/TimesNewRoman(0)/m/n on input line 
6.
LaTeX Font Info:    Overwriting symbol font `operators' in version `normal'
(Font)                  TU/TimesNewRoman(0)/m/n --> TU/TimesNewRoman(0)/m/n on 
input line 6.
LaTeX Font Info:    Overwriting math alphabet `\mathit' in version `normal'
(Font)                  OT1/cmr/m/it --> TU/TimesNewRoman(0)/m/it on input line
 6.
LaTeX Font Info:    Overwriting math alphabet `\mathbf' in version `normal'
(Font)                  OT1/cmr/bx/n --> TU/TimesNewRoman(0)/b/n on input line 
6.
LaTeX Font Info:    Overwriting math alphabet `\mathsf' in version `normal'
(Font)                  OT1/cmss/m/n --> TU/Arial(0)/m/n on input line 6.
LaTeX Font Info:    Overwriting math alphabet `\mathtt' in version `normal'
(Font)                  OT1/cmtt/m/n --> TU/Consolas(0)/m/n on input line 6.
LaTeX Font Info:    Overwriting symbol font `operators' in version `bold'
(Font)                  TU/TimesNewRoman(0)/m/n --> TU/TimesNewRoman(0)/b/n on 
input line 6.
LaTeX Font Info:    Overwriting math alphabet `\mathit' in version `bold'
(Font)                  OT1/cmr/bx/it --> TU/TimesNewRoman(0)/b/it on input lin
e 6.
LaTeX Font Info:    Overwriting math alphabet `\mathsf' in version `bold'
(Font)                  OT1/cmss/bx/n --> TU/Arial(0)/b/n on input line 6.
LaTeX Font Info:    Overwriting math alphabet `\mathtt' in version `bold'
(Font)                  OT1/cmtt/m/n --> TU/Consolas(0)/b/n on input line 6.

*geometry* driver: auto-detecting
*geometry* detected driver: xetex
*geometry* verbose mode - [ preamble ] result:
* driver: xetex
* paper: a4paper
* layout: <same size as paper>
* layoutoffset:(h,v)=(0.0pt,0.0pt)
* modes: 
* h-part:(L,W,R)=(56.9055pt, 497.92325pt, 42.67912pt)
* v-part:(T,H,B)=(42.67912pt, 759.6886pt, 42.67912pt)
* \paperwidth=597.50787pt
* \paperheight=845.04684pt
* \textwidth=497.92325pt
* \textheight=759.6886pt
* \oddsidemargin=-15.36449pt
* \evensidemargin=-15.36449pt
* \topmargin=-68.59087pt
* \headheight=14.0pt
* \headsep=25.0pt
* \topskip=14.0pt
* \footskip=30.0pt
* \marginparwidth=49.79231pt
* \marginparsep=10.0pt
* \columnsep=10.0pt
* \skip\footins=12.0pt plus 4.0pt minus 2.0pt
* \hoffset=0.0pt
* \voffset=0.0pt
* \mag=1000
* \@twocolumnfalse
* \@twosidefalse
* \@mparswitchfalse
* \@reversemarginfalse
* (1in=72.27pt=25.4mm, 1cm=28.453pt)

Package hyperref Info: Link coloring OFF on input line 6.

(D:\Projects\katya\диплом\преддипломная практика\latex_template\output\main.out
)
(D:\Projects\katya\диплом\преддипломная практика\latex_template\output\main.out
)
\@outlinefile=\write4
\openout4 = `main.out'.

LaTeX Info: Redefining \microtypecontext on input line 6.
Package microtype Info: Applying patch `item' on input line 6.
Package microtype Info: Applying patch `toc' on input line 6.
Package microtype Info: Applying patch `eqnum' on input line 6.


Package microtype Warning: Unable to apply patch `footnote' on input line 6.

Package microtype Info: Applying patch `verbatim' on input line 6.
LaTeX Info: Redefining \microtypesetup on input line 6.
Package microtype Info: Character protrusion enabled (level 2).
Package microtype Info: Using default protrusion set `alltext'.
Package microtype Info: No adjustment of tracking.
Package microtype Info: No adjustment of spacing.
Package microtype Info: No adjustment of kerning.
Package microtype Info: Loading generic protrusion settings for font family
(microtype)             `TimesNewRoman' (encoding: TU).
(microtype)             For optimal results, create family-specific settings.
(microtype)             See the microtype manual for details.
\c@lstlisting=\count369

(D:\Projects\katya\диплом\преддипломная практика\latex_template\output\main.toc
LaTeX Font Info:    Trying to load font information for U+msa on input line 4.
(C:\Users\79121\AppData\Local\Programs\MiKTeX\tex/latex/amsfonts\umsa.fd
File: umsa.fd 2013/01/14 v3.01 AMS symbols A
)
(C:\Users\79121\AppData\Local\Programs\MiKTeX\tex/latex/microtype\mt-msa.cfg
File: mt-msa.cfg 2006/02/04 v1.1 microtype config. file: AMS symbols (a) (RS)
)
LaTeX Font Info:    Trying to load font information for U+msb on input line 4.

(C:\Users\79121\AppData\Local\Programs\MiKTeX\tex/latex/amsfonts\umsb.fd
File: umsb.fd 2013/01/14 v3.01 AMS symbols B
)
(C:\Users\79121\AppData\Local\Programs\MiKTeX\tex/latex/microtype\mt-msb.cfg
File: mt-msb.cfg 2005/06/01 v1.0 microtype config. file: AMS symbols (b) (RS)
)
(C:\Users\79121\AppData\Local\Programs\MiKTeX\tex/latex/microtype\mt-cmr.cfg
File: mt-cmr.cfg 2013/05/19 v2.2 microtype config. file: Computer Modern Roman 
(RS)
)
[1



])
\tf@toc=\write5
\openout5 = `main.toc'.

 [2] (sections/01-introduction.tex [3


]) [4] (sections/02-analysis.tex
Underfull \hbox (badness 2512) in paragraph at lines 5--6
\TU/TimesNewRoman(1)/m/n/14.4 службами. Город Киров — административный центр Ки
ровской области с
 []


Underfull \hbox (badness 1038) in paragraph at lines 5--6
\TU/TimesNewRoman(1)/m/n/14.4 (Ленинский, Октябрьский, Первомайский, Нововятски
й), каждый из которых
 []


Underfull \hbox (badness 4582) in paragraph at lines 5--6
\TU/TimesNewRoman(1)/m/n/14.4 обладает собственной инфраструктурой жилищно-комм
унального хозяйства,
 []

[5

] [6] [7]
Underfull \hbox (badness 4608) in paragraph at lines 59--60
[]\TU/TimesNewRoman(1)/m/n/14.4 Интерактивная карта — компонент программной сис
темы, обеспечи-
 []


Underfull \hbox (badness 2376) in paragraph at lines 59--60
\TU/TimesNewRoman(1)/m/n/14.4 вающий визуальное отображение обращений в привязк
е к координатам на
 []

[8]
File: ../results/img/bpwin/current_a-0.png Graphic file (type bmp)
<../results/img/bpwin/current_a-0.png>
 [9]
File: ../results/img/bpwin/current_a0.png Graphic file (type bmp)
<../results/img/bpwin/current_a0.png>

Underfull \hbox (badness 2073) in paragraph at lines 105--106
\TU/TimesNewRoman(1)/m/n/14.4 жителем. Управление осуществляется на основании з
аконодательства РФ и
 []

[10]
File: ../results/img/bpwin/to-be_a-0.png Graphic file (type bmp)
<../results/img/bpwin/to-be_a-0.png>

Underfull \hbox (badness 10000) in paragraph at lines 117--118
[]\TU/TimesNewRoman(1)/m/n/14.4 проверка на дубликаты — серверный алгоритм выпо
лняет геопро-
 []


Underfull \hbox (badness 1527) in paragraph at lines 117--118
\TU/TimesNewRoman(1)/m/n/14.4 странственный поиск существующих обращений в ради
усе 50 м; при
 []


Underfull \hbox (badness 4084) in paragraph at lines 119--120
[]\TU/TimesNewRoman(1)/m/n/14.4 контроль исполнения — отслеживание статуса обра
щения, фиксация
 []

[11]
File: ../results/img/bpwin/to_be_a0.png Graphic file (type bmp)
<../results/img/bpwin/to_be_a0.png>

Underfull \hbox (badness 4713) in paragraph at lines 129--131
[]\TU/TimesNewRoman(1)/m/n/14.4 Подпроцесс «Диспетчеризация» детализирован на д
иаграмме в нота-
 []


Underfull \hbox (badness 1097) in paragraph at lines 129--131
\TU/TimesNewRoman(1)/m/n/14.4 ции IDEF3 (рисунок []5[]). Диаграмма описывает по
следовательность действий
 []


Underfull \hbox (badness 3312) in paragraph at lines 131--132
\TU/TimesNewRoman(1)/m/n/14.4 веб-панели, система отображает описание, фотограф
ию (загруженную
 []

[12]
File: ../results/img/bpwin/to_be_dispatcher_idef3_decompose.png Graphic file (t
ype bmp)
<../results/img/bpwin/to_be_dispatcher_idef3_decompose.png>
 [13]
File: ../results/img/analogs/gosuslugi-reshaem-vmeste.jpg Graphic file (type bm
p)
<../results/img/analogs/gosuslugi-reshaem-vmeste.jpg>
File: ../results/img/analogs/nash-gorod-moskva-user.jpg Graphic file (type bmp)

<../results/img/analogs/nash-gorod-moskva-user.jpg>

Underfull \hbox (badness 1629) in paragraph at lines 175--176
[]\TU/TimesNewRoman(1)/m/n/14.4 «Добродел» — портал обращений жителей Московско
й области с ме-
 []


Underfull \hbox (badness 3019) in paragraph at lines 175--176
\TU/TimesNewRoman(1)/m/n/14.4 Мобильное приложение поддерживает фотофиксацию, а
втоопределение гео-
 []

File: ../results/img/analogs/dobrodel-user.jpg Graphic file (type bmp)
<../results/img/analogs/dobrodel-user.jpg>
[14]
File: ../results/img/analogs/nash-spb-user.jpg Graphic file (type bmp)
<../results/img/analogs/nash-spb-user.jpg>
File: ../results/img/analogs/fixmystreet-user.png Graphic file (type bmp)
<../results/img/analogs/fixmystreet-user.png>
 [15]
Underfull \hbox (badness 10000) in paragraph at lines 212--213
[]\TU/TimesNewRoman(1)/m/n/14.4 региональные решения («Наш город», «Добродел», 
«Наш Санкт-
 []

[16]
File: ../results/img/plantuml/use-case-mobile.png Graphic file (type bmp)
<../results/img/plantuml/use-case-mobile.png>
) [17] [18] (sections/03-design.tex
Underfull \hbox (badness 4647) in paragraph at lines 1--2
\TU/TimesNewRoman(1)/m/n/14.4 фиксации городских событий. Рассматриваются струк
тура системы, струк-
 []


Underfull \hbox (badness 1997) in paragraph at lines 1--2
\TU/TimesNewRoman(1)/m/n/14.4 тура серверной части, проектирование базы данных,
 структура мобильного
 []


Underfull \hbox (badness 3386) in paragraph at lines 5--6
\TU/TimesNewRoman(1)/m/n/14.4 соответствующую трёхзвенной модели: уровень предс
тавления (клиентские
 []

File: ../results/img/plantuml/architecture-full.png Graphic file (type bmp)
<../results/img/plantuml/architecture-full.png>
[19

]
File: ../results/img/plantuml/server-components.png Graphic file (type bmp)
<../results/img/plantuml/server-components.png>
 [20]
File: ../results/img/plantuml/erd-smartcity.png Graphic file (type bmp)
<../results/img/plantuml/erd-smartcity.png>
 [21]
Underfull \hbox (badness 2671) in paragraph at lines 59--60
[]\TU/TimesNewRoman(1)/m/n/14.4 ReportCategory — классификация проблем (дороги,
 освещение, благо-
 []

File: ../results/img/plantuml/state-appeal.png Graphic file (type bmp)
<../results/img/plantuml/state-appeal.png>
[22]
File: ../results/img/plantuml/seq-create-appeal-mobile.png Graphic file (type b
mp)
<../results/img/plantuml/seq-create-appeal-mobile.png>
 [23]
File: ../results/img/plantuml/seq-dispatcher.png Graphic file (type bmp)
<../results/img/plantuml/seq-dispatcher.png>
 [24]
File: ../results/img/plantuml/mobile-architecture.png Graphic file (type bmp)
<../results/img/plantuml/mobile-architecture.png>
 [25]
File: ../results/img/plantuml/navigation-structure.png Graphic file (type bmp)
<../results/img/plantuml/navigation-structure.png>
 [26]
File: ../results/img/screenshots/mobile/screen-auth.png Graphic file (type bmp)

<../results/img/screenshots/mobile/screen-auth.png>
 [27]
File: ../results/img/screenshots/mobile/screen-map.png Graphic file (type bmp)
<../results/img/screenshots/mobile/screen-map.png>
File: ../results/img/screenshots/mobile/screen-create-report.png Graphic file (
type bmp)
<../results/img/screenshots/mobile/screen-create-report.png>
 [28]
File: ../results/img/screenshots/mobile/screen-reports-list.png Graphic file (t
ype bmp)
<../results/img/screenshots/mobile/screen-reports-list.png>
File: ../results/img/screenshots/mobile/screen-report-detail.png Graphic file (
type bmp)
<../results/img/screenshots/mobile/screen-report-detail.png>
 [29]
File: ../results/img/screenshots/mobile/screen-notifications.png Graphic file (
type bmp)
<../results/img/screenshots/mobile/screen-notifications.png>
File: ../results/img/screenshots/mobile/screen-profile.png Graphic file (type b
mp)
<../results/img/screenshots/mobile/screen-profile.png>
) [30] [31]
(sections/04-implementation.tex (sections/04-part1-stack.tex
Underfull \hbox (badness 7362) in paragraph at lines 15--16
[]\TU/TimesNewRoman(1)/m/n/14.4 Диспетчерская веб-панель реализована на React с
 библиотекой Ян-
 []


Underfull \hbox (badness 4108) in paragraph at lines 15--16
\TU/TimesNewRoman(1)/m/n/14.4 декс.Карты (JavaScript API) для интерактивных кар
т. Сборка выполняется
 []


Underfull \hbox (badness 3323) in paragraph at lines 15--16
\TU/TimesNewRoman(1)/m/n/14.4 инструментом Vite. Яндекс.Карты предоставляют гот
овый API для отобра-
 []


Underfull \hbox (badness 1946) in paragraph at lines 15--16
\TU/TimesNewRoman(1)/m/n/14.4 жения карты, маркеров, кластеризации и геокодиров
ания на русскоязычной
 []

[32

]) (sections/04-part2-server.tex
Underfull \hbox (badness 1048) in paragraph at lines 17--1
\TU/TimesNewRoman(1)/m/n/14.4 через expo-router, карта — через react-native-map
s (Google Maps на Android,
 []

[33]
Underfull \hbox (badness 1325) in paragraph at lines 26--27
\TU/TimesNewRoman(1)/m/n/14.4 ращений производится поиск записей с совпадающей 
категорией в радиусе
 []


Underfull \hbox (badness 4531) in paragraph at lines 26--27
\TU/TimesNewRoman(1)/m/n/14.4 ST_DWithin расширения PostGIS. При обнаружении ду
бликата клиентское
 []

File: ../results/img/plantuml/alg-dedup.png Graphic file (type bmp)
<../results/img/plantuml/alg-dedup.png>
[34]
File: ../results/img/plantuml/alg-status.png Graphic file (type bmp)
<../results/img/plantuml/alg-status.png>
 [35]) (sections/04-part3-clients.tex
Underfull \hbox (badness 1297) in paragraph at lines 3--4
\TU/TimesNewRoman(1)/m/n/14.4 из которых ориентировано на свою целевую аудитори
ю: диспетчерская веб-
 []

File: ../results/img/screenshots/web/impl-dashboard.png Graphic file (type bmp)

<../results/img/screenshots/web/impl-dashboard.png>
[36]
File: ../results/img/screenshots/web/impl-map.png Graphic file (type bmp)
<../results/img/screenshots/web/impl-map.png>
 [37]
File: ../results/img/screenshots/web/impl-reports.png Graphic file (type bmp)
<../results/img/screenshots/web/impl-reports.png>
File: ../results/img/screenshots/web/impl-report-card.png Graphic file (type bm
p)
<../results/img/screenshots/web/impl-report-card.png>
 [38]
File: ../results/img/screenshots/web/impl-categories.png Graphic file (type bmp
)
<../results/img/screenshots/web/impl-categories.png>

Underfull \hbox (badness 2781) in paragraph at lines 64--65
[]\TU/TimesNewRoman(1)/m/n/14.4 Страница муниципальных служб (рисунок []34[]) с
одержит перечень го-
 []

File: ../results/img/screenshots/web/impl-services.png Graphic file (type bmp)
<../results/img/screenshots/web/impl-services.png>
[39]
File: ../results/img/screenshots/mobile/mobile-auth-screen.png Graphic file (ty
pe bmp)
<../results/img/screenshots/mobile/mobile-auth-screen.png>
 [40]
File: ../results/img/screenshots/mobile/mobile-map-screen.png Graphic file (typ
e bmp)
<../results/img/screenshots/mobile/mobile-map-screen.png>
 [41]
File: ../results/img/screenshots/mobile/mobile-create-report-screen.png Graphic
 file (type bmp)
<../results/img/screenshots/mobile/mobile-create-report-screen.png>
 [42]
File: ../results/img/screenshots/mobile/mobile-reports-list-screen.png Graphic 
file (type bmp)
<../results/img/screenshots/mobile/mobile-reports-list-screen.png>
 [43]
File: ../results/img/screenshots/mobile/mobile-report-detail-screen.png Graphic
 file (type bmp)
<../results/img/screenshots/mobile/mobile-report-detail-screen.png>
File: ../results/img/screenshots/mobile/mobile-notifications-screen.png Graphic
 file (type bmp)
<../results/img/screenshots/mobile/mobile-notifications-screen.png>
 [44]
File: ../results/img/screenshots/mobile/mobile-profile-screen.png Graphic file 
(type bmp)
<../results/img/screenshots/mobile/mobile-profile-screen.png>

Underfull \hbox (badness 1783) in paragraph at lines 156--157
[]\TU/TimesNewRoman(1)/m/n/14.4 Для обеспечения единообразия интерфейса созданы
 переиспользуемые
 []


Underfull \hbox (badness 4726) in paragraph at lines 156--157
\TU/TimesNewRoman(1)/m/n/14.4 компоненты: Button, Input, Card, LoadingIndicator
, ErrorDisplay, ReportCard,
 []

[45]
File: ../results/img/plantuml/alg-auth.png Graphic file (type bmp)
<../results/img/plantuml/alg-auth.png>
) (sections/04-part4-testing.tex [46] [47]
Overfull \hbox (12.86514pt too wide) in paragraph at lines 16--17
[]\TU/TimesNewRoman(1)/m/n/14.4 аутентификация зарегистрированного пользователя
 через POST /api/Auth/sign-
 []


Underfull \hbox (badness 10000) in paragraph at lines 18--19
[]\TU/TimesNewRoman(1)/m/n/14.4 создание обращения авторизованным пользователем
 через POST
 []

File: ../results/img/tests/tests-runner-result.png Graphic file (type bmp)
<../results/img/tests/tests-runner-result.png>

Underfull \hbox (badness 1609) in paragraph at lines 40--41
[]\TU/TimesNewRoman(1)/m/n/14.4 auth-api.test.ts — проверка корректности HTTP-з
апросов к эндпоинтам
 []

[48] [49]
File: ../results/img/tests/vittest.png Graphic file (type bmp)
<../results/img/tests/vittest.png>
File: ../results/img/tests/swagger-get-reports.png Graphic file (type bmp)
<../results/img/tests/swagger-get-reports.png>
 [50]
Overfull \hbox (46.42686pt too wide) in paragraph at lines 103--104
[]\TU/TimesNewRoman(1)/m/n/14.4 На рисунке []46[] представлен запрос на поиск д
убликатов (GET /api/Reports/duplicates).
 []

File: ../results/img/tests/swagger-find-duplicates.png Graphic file (type bmp)
<../results/img/tests/swagger-find-duplicates.png>
File: ../results/img/tests/swagger-get-categories.png Graphic file (type bmp)
<../results/img/tests/swagger-get-categories.png>
[51]
File: ../results/img/swagger/create-report.png Graphic file (type bmp)
<../results/img/swagger/create-report.png>
 [52]
File: ../results/img/screenshots/web/adaptive-web-panel.png Graphic file (type 
bmp)
<../results/img/screenshots/web/adaptive-web-panel.png>
File: ../results/img/screenshots/web/testing-map-features.png Graphic file (typ
e bmp)
<../results/img/screenshots/web/testing-map-features.png>
 [53])) [54] (sections/05-conclusion.tex [55

]) [56]
(D:\Projects\katya\диплом\преддипломная практика\latex_template\output\main.aux
)
 ***********
LaTeX2e <2025-11-01>
L3 programming layer <2026-03-20>
 ***********
Package rerunfilecheck Info: File `main.out' has not changed.
(rerunfilecheck)             Checksum: 7EDDB84BA20525F8DCC56AEA9B79970C;12471.
 ) 
Here is how much of TeX's memory you used:
 20334 strings out of 402807
 399918 string characters out of 5445135
 901230 words of memory out of 5000000
 48873 multiletter control sequences out of 15000+600000
 631088 words of font info for 103 fonts, out of 8000000 for 9000
 1348 hyphenation exceptions out of 8191
 78i,8n,96p,1003b,671s stack positions out of 10000i,1000n,20000p,200000b,200000s

Output written on D:\Projects\katya\диплом\преддипломная практика\latex_templat
e\output\main.pdf (56 pages).
